<?xml version="1.0" encoding="UTF-8"?>
<!-- Generated by org.testng.reporters.JUnitReportReporter -->
<testsuite skipped="0" hostname="Brijesh" name="unitTests.FlightBookingTest" tests="1" failures="0" timestamp="09 Sep 2018 18:12:01 GMT" time="11.220" errors="0">
  <testcase name="successReturnFlightTicketBooking" time="11.220" classname="unitTests.FlightBookingTest"/>
</testsuite> <!-- unitTests.FlightBookingTest -->
