<?xml version="1.0" encoding="UTF-8"?>
<!-- Generated by org.testng.reporters.JUnitReportReporter -->
<testsuite skipped="0" hostname="Brijesh" name="unitTests.ValidateCredentialsTest" tests="2" failures="0" timestamp="09 Sep 2018 18:12:01 GMT" time="9.679" errors="0">
  <testcase name="validateInvalidCrendentials" time="2.552" classname="unitTests.ValidateCredentialsTest"/>
  <testcase name="validateCorrectCrendentials" time="7.127" classname="unitTests.ValidateCredentialsTest"/>
</testsuite> <!-- unitTests.ValidateCredentialsTest -->
