<?xml version="1.0" encoding="UTF-8"?>
<!-- Generated by org.testng.reporters.JUnitReportReporter -->
<testsuite hostname="Brijesh" name="unitTests.FlighBookingTest" tests="1" failures="0" timestamp="9 Sep 2018 17:52:08 GMT" time="18.696" errors="0">
  <testcase name="successReturnFlightTicketBooking" time="18.696" classname="unitTests.FlighBookingTest"/>
</testsuite> <!-- unitTests.FlighBookingTest -->
